0 info it worked if it ends with ok
1 verbose cli [ 'C:\\Program Files (x86)\\nodejs\\node.exe',
1 verbose cli   'C:\\Program Files (x86)\\nodejs\\node_modules\\npm\\bin\\npm-cli.js',
1 verbose cli   'publish' ]
2 info using npm@2.15.11
3 info using node@v6.9.1
4 verbose publish [ '.' ]
5 silly cache add args [ '.', null ]
6 verbose cache add spec .
7 silly cache add parsed spec Result {
7 silly cache add   raw: '.',
7 silly cache add   scope: null,
7 silly cache add   name: null,
7 silly cache add   rawSpec: '.',
7 silly cache add   spec: 'C:\\Users\\databuen\\Documents\\azureiotc2d',
7 silly cache add   type: 'directory' }
8 verbose addLocalDirectory C:\Users\databuen\AppData\Roaming\npm-cache\node-red-contrib-azureiotc2d\0.0.6\package.tgz not in flight; packing
9 verbose correctMkdir C:\Users\databuen\AppData\Roaming\npm-cache correctMkdir not in flight; initializing
10 verbose tar pack [ 'C:\\Users\\databuen\\AppData\\Roaming\\npm-cache\\node-red-contrib-azureiotc2d\\0.0.6\\package.tgz',
10 verbose tar pack   'C:\\Users\\databuen\\Documents\\azureiotc2d' ]
11 verbose tarball C:\Users\databuen\AppData\Roaming\npm-cache\node-red-contrib-azureiotc2d\0.0.6\package.tgz
12 verbose folder C:\Users\databuen\Documents\azureiotc2d
13 info prepublish node-red-contrib-azureiotc2d@0.0.6
14 verbose addLocalTarball adding from inside cache C:\Users\databuen\AppData\Roaming\npm-cache\node-red-contrib-azureiotc2d\0.0.6\package.tgz
15 verbose correctMkdir C:\Users\databuen\AppData\Roaming\npm-cache correctMkdir not in flight; initializing
16 silly cache afterAdd node-red-contrib-azureiotc2d@0.0.6
17 verbose afterAdd C:\Users\databuen\AppData\Roaming\npm-cache\node-red-contrib-azureiotc2d\0.0.6\package\package.json not in flight; writing
18 verbose correctMkdir C:\Users\databuen\AppData\Roaming\npm-cache correctMkdir not in flight; initializing
19 verbose afterAdd C:\Users\databuen\AppData\Roaming\npm-cache\node-red-contrib-azureiotc2d\0.0.6\package\package.json written
20 silly publish { name: 'node-red-contrib-azureiotc2d',
20 silly publish   version: '0.0.6',
20 silly publish   description: 'node to send Azure IoT C2D',
20 silly publish   author: { name: 'Daniel Tabuenca' },
20 silly publish   dependencies: { 'azure-iothub': '1.1.10', 'azure-iot-common': '1.1.7' },
20 silly publish   repository:
20 silly publish    { type: 'git',
20 silly publish      url: 'git+https://github.com/dtabuencav/node-red-contrib-azureiotc2d.git' },
20 silly publish   keywords: [ 'node-red' ],
20 silly publish   'node-red': { nodes: { azureiotc2d: 'azureiotc2d.js' } },
20 silly publish   readme: '# azureiotc2d \r\n*detailed instructions to come!\r\nNode to send Azure IoT C2D messages\r\n\r\nThis is a node-red node to send Cloud to Device messages from a node-red flow.\r\nThe content of ´{msg.payload} will be sent to the device specified in the node.\r\n',
20 silly publish   readmeFilename: 'README.md',
20 silly publish   gitHead: '9b6a2c8ddf756c1c5e034f039aabb1e133f20add',
20 silly publish   bugs: { url: 'https://github.com/dtabuencav/node-red-contrib-azureiotc2d/issues' },
20 silly publish   homepage: 'https://github.com/dtabuencav/node-red-contrib-azureiotc2d#readme',
20 silly publish   _id: 'node-red-contrib-azureiotc2d@0.0.6',
20 silly publish   scripts: {},
20 silly publish   _shasum: 'c38589aee0f82bca799813a69b7c57e1f03ac189',
20 silly publish   _from: '.' }
21 verbose getPublishConfig undefined
22 silly mapToRegistry name node-red-contrib-azureiotc2d
23 silly mapToRegistry using default registry
24 silly mapToRegistry registry https://registry.npmjs.org/
25 silly mapToRegistry data Result {
25 silly mapToRegistry   raw: 'node-red-contrib-azureiotc2d',
25 silly mapToRegistry   scope: null,
25 silly mapToRegistry   name: 'node-red-contrib-azureiotc2d',
25 silly mapToRegistry   rawSpec: '',
25 silly mapToRegistry   spec: 'latest',
25 silly mapToRegistry   type: 'tag' }
26 silly mapToRegistry uri https://registry.npmjs.org/node-red-contrib-azureiotc2d
27 verbose publish registryBase https://registry.npmjs.org/
28 silly publish uploading C:\Users\databuen\AppData\Roaming\npm-cache\node-red-contrib-azureiotc2d\0.0.6\package.tgz
29 verbose request uri https://registry.npmjs.org/node-red-contrib-azureiotc2d
30 verbose request sending authorization for write operation
31 info attempt registry request try #1 at 17:56:30
32 verbose request using bearer token for auth
33 verbose request id e7f8dc937c9b0594
34 http request PUT https://registry.npmjs.org/node-red-contrib-azureiotc2d
35 http 403 https://registry.npmjs.org/node-red-contrib-azureiotc2d
36 verbose headers { 'content-type': 'application/json',
36 verbose headers   'cache-control': 'max-age=300',
36 verbose headers   'content-length': '95',
36 verbose headers   'accept-ranges': 'bytes',
36 verbose headers   date: 'Fri, 05 May 2017 15:56:31 GMT',
36 verbose headers   via: '1.1 varnish',
36 verbose headers   connection: 'keep-alive',
36 verbose headers   'x-served-by': 'cache-mad9425-MAD',
36 verbose headers   'x-cache': 'MISS',
36 verbose headers   'x-cache-hits': '0',
36 verbose headers   'x-timer': 'S1493999791.609318,VS0,VE972',
36 verbose headers   vary: 'Accept-Encoding' }
37 verbose request invalidating C:\Users\databuen\AppData\Roaming\npm-cache\registry.npmjs.org\node-red-contrib-azureiotc2d on PUT
38 error publish Failed PUT 403
39 verbose stack Error: "You cannot publish over the previously published version 0.0.6." : node-red-contrib-azureiotc2d
39 verbose stack     at makeError (C:\Program Files (x86)\nodejs\node_modules\npm\node_modules\npm-registry-client\lib\request.js:302:12)
39 verbose stack     at CachingRegistryClient.<anonymous> (C:\Program Files (x86)\nodejs\node_modules\npm\node_modules\npm-registry-client\lib\request.js:290:14)
39 verbose stack     at Request._callback (C:\Program Files (x86)\nodejs\node_modules\npm\node_modules\npm-registry-client\lib\request.js:210:14)
39 verbose stack     at Request.self.callback (C:\Program Files (x86)\nodejs\node_modules\npm\node_modules\request\request.js:187:22)
39 verbose stack     at emitTwo (events.js:106:13)
39 verbose stack     at Request.emit (events.js:191:7)
39 verbose stack     at Request.<anonymous> (C:\Program Files (x86)\nodejs\node_modules\npm\node_modules\request\request.js:1044:10)
39 verbose stack     at emitOne (events.js:96:13)
39 verbose stack     at Request.emit (events.js:188:7)
39 verbose stack     at IncomingMessage.<anonymous> (C:\Program Files (x86)\nodejs\node_modules\npm\node_modules\request\request.js:965:12)
40 verbose statusCode 403
41 verbose pkgid node-red-contrib-azureiotc2d
42 verbose cwd C:\Users\databuen\Documents\azureiotc2d
43 error Windows_NT 10.0.15063
44 error argv "C:\\Program Files (x86)\\nodejs\\node.exe" "C:\\Program Files (x86)\\nodejs\\node_modules\\npm\\bin\\npm-cli.js" "publish"
45 error node v6.9.1
46 error npm  v2.15.11
47 error code E403
48 error "You cannot publish over the previously published version 0.0.6." : node-red-contrib-azureiotc2d
49 error If you need help, you may report this error at:
49 error     <https://github.com/npm/npm/issues>
50 verbose exit [ 1, true ]
